<?xml version="1.0" encoding="UTF-8"?>
<!-- Generated by org.testng.reporters.JUnitReportReporter -->
<testsuite hostname="LAPTOP-8DAJL6E8" failures="0" tests="1" name="testCases.TC_FlightTicket_003" time="14.858" errors="0" timestamp="2020-04-07T17:37:25 CDT" skipped="0">
  <testcase classname="testCases.TC_FlightTicket_003" name="reservation" time="14.858"/>
</testsuite> <!-- testCases.TC_FlightTicket_003 -->
